TN:
SF:src/lib/YoutubeAdapter.ts
FN:14,<instance_members_initializer>
FN:21,YouTubeAdapter
FN:30,searchVideos
FN:66,listPopularVideos
FNF:4
FNH:4
FNDA:4,<instance_members_initializer>
FNDA:4,YouTubeAdapter
FNDA:2,searchVideos
FNDA:1,listPopularVideos
DA:1,1
DA:2,1
DA:3,1
DA:4,1
DA:5,1
DA:6,1
DA:7,1
DA:8,1
DA:9,1
DA:10,1
DA:11,1
DA:12,1
DA:13,1
DA:14,1
DA:15,4
DA:16,4
DA:17,4
DA:18,4
DA:19,4
DA:20,4
DA:21,4
DA:22,4
DA:23,1
DA:24,1
DA:25,1
DA:26,1
DA:27,3
DA:28,3
DA:29,4
DA:30,4
DA:31,2
DA:32,2
DA:33,2
DA:34,2
DA:35,2
DA:36,2
DA:37,2
DA:38,2
DA:39,2
DA:40,2
DA:41,2
DA:42,2
DA:43,2
DA:44,2
DA:45,2
DA:46,2
DA:47,2
DA:48,2
DA:49,2
DA:50,2
DA:51,2
DA:52,1
DA:53,1
DA:54,1
DA:55,2
DA:56,0
DA:57,0
DA:58,2
DA:59,2
DA:60,2
DA:61,0
DA:62,2
DA:63,2
DA:64,2
DA:65,4
DA:66,4
DA:67,1
DA:68,1
DA:69,1
DA:70,1
DA:71,1
DA:72,1
DA:73,1
DA:74,1
DA:75,1
DA:76,1
DA:77,1
DA:78,1
DA:79,1
DA:80,1
DA:81,1
DA:82,1
DA:83,1
DA:84,1
DA:85,1
DA:86,1
DA:87,1
DA:88,1
DA:89,0
DA:90,0
DA:91,1
DA:92,1
DA:93,0
DA:94,0
DA:95,1
DA:96,1
DA:97,1
DA:98,0
DA:99,1
DA:100,1
DA:101,1
DA:102,4
LF:102
LH:94
BRDA:14,0,0,4
BRDA:21,1,0,4
BRDA:22,2,0,1
BRDA:27,3,0,3
BRDA:30,4,0,2
BRDA:31,5,0,2
BRDA:43,6,0,2
BRDA:45,7,0,2
BRDA:48,8,0,2
BRDA:51,9,0,1
BRDA:55,10,0,0
BRDA:66,11,0,1
BRDA:67,12,0,1
BRDA:80,13,0,1
BRDA:82,14,0,1
BRDA:85,15,0,1
BRDA:88,16,0,0
BRDA:92,17,0,0
BRF:18
BRH:15
end_of_record
