TN:
SF:src/utils/hash.ts
FN:6,hashPassword
FN:12,verifyPassword
FNF:2
FNH:2
FNDA:2,hashPassword
FNDA:2,verifyPassword
DA:1,1
DA:2,1
DA:3,1
DA:4,1
DA:5,1
DA:6,1
DA:7,2
DA:8,2
DA:9,2
DA:10,2
DA:11,1
DA:12,1
DA:13,2
DA:14,2
DA:15,2
DA:16,2
DA:17,2
DA:18,2
LF:18
LH:18
BRDA:6,0,0,2
BRDA:12,1,0,2
BRF:2
BRH:2
end_of_record
TN:
SF:src/utils/jwt.ts
FN:3,base64UrlEncode
FN:11,generateToken
FN:35,verifyToken
FNF:3
FNH:3
FNDA:6,base64UrlEncode
FNDA:3,generateToken
FNDA:4,verifyToken
DA:1,1
DA:2,1
DA:3,6
DA:4,6
DA:5,6
DA:6,6
DA:7,6
DA:8,6
DA:9,6
DA:10,1
DA:11,3
DA:12,3
DA:13,3
DA:14,0
DA:15,0
DA:16,3
DA:17,3
DA:18,3
DA:19,3
DA:20,3
DA:21,3
DA:22,3
DA:23,3
DA:24,3
DA:25,3
DA:26,3
DA:27,3
DA:28,3
DA:29,3
DA:30,3
DA:31,3
DA:32,3
DA:33,3
DA:34,1
DA:35,4
DA:36,4
DA:37,4
DA:38,4
DA:39,0
DA:40,0
DA:41,4
DA:42,4
DA:43,4
DA:44,0
DA:45,0
DA:46,4
DA:47,4
DA:48,4
DA:49,4
DA:50,4
DA:51,4
DA:52,4
DA:53,1
DA:54,1
DA:55,3
DA:56,3
DA:57,3
DA:58,3
DA:59,3
DA:60,4
DA:61,0
DA:62,0
DA:63,2
DA:64,2
DA:65,4
DA:66,1
DA:67,1
DA:68,4
LF:68
LH:60
BRDA:3,0,0,6
BRDA:11,1,0,3
BRDA:13,2,0,0
BRDA:35,3,0,4
BRDA:38,4,0,0
BRDA:43,5,0,0
BRDA:52,6,0,1
BRDA:55,7,0,3
BRDA:60,8,0,0
BRDA:63,9,0,2
BRDA:65,10,0,1
BRF:11
BRH:7
end_of_record
